Build started 11/24/2014 8:30:30 PM.
     1>Project "C:\Users\Ambica\Desktop\OOP345\Assign 2\Assign 2\Assign 2.vcxproj" on node 2 (build target(s)).
     1>InitializeBuildStatus:
         Creating "Debug\Assign 2.unsuccessfulbuild" because "AlwaysCreate" was specified.
       ClCompile:
         C:\Program Files (x86)\Microsoft Visual Studio 10.0\VC\bin\CL.exe /c /ZI /nologo /W3 /WX- /Od /Oy- /D WIN32 /D _DEBUG /D _CONSOLE /D _UNICODE /D UNICODE /Gm /EHsc /RTC1 /MDd /GS /fp:precise /Zc:wchar_t /Zc:forScope /Fo"Debug\\" /Fd"Debug\vc100.pdb" /Gd /TP /analyze- /errorReport:prompt a2main.cpp
         a2main.cpp
     1>c:\users\ambica\desktop\oop345\assign 2\assign 2\cartoon.h(11): warning C4018: '<' : signed/unsigned mismatch
     1>c:\users\ambica\desktop\oop345\assign 2\assign 2\course.h(11): warning C4018: '<' : signed/unsigned mismatch
     1>c:\users\ambica\desktop\oop345\assign 2\assign 2\list.h(22): warning C4715: 'List<NVPair<std::basic_string<char,std::char_traits<char>,std::allocator<char> >,std::basic_string<char,std::char_traits<char>,std::allocator<char> > >,5>::operator[]' : not all control paths return a value
     1>c:\users\ambica\desktop\oop345\assign 2\assign 2\list.h(22): warning C4715: 'List<Identity,5>::operator[]' : not all control paths return a value
     1>c:\users\ambica\desktop\oop345\assign 2\assign 2\list.h(22): warning C4715: 'List<Cartoon,5>::operator[]' : not all control paths return a value
     1>c:\users\ambica\desktop\oop345\assign 2\assign 2\list.h(22): warning C4715: 'List<Course,5>::operator[]' : not all control paths return a value
       ManifestResourceCompile:
         All outputs are up-to-date.
       Link:
         C:\Program Files (x86)\Microsoft Visual Studio 10.0\VC\bin\link.exe /ERRORREPORT:PROMPT /OUT:"C:\Users\Ambica\Desktop\OOP345\Assign 2\Debug\Assign 2.exe" /INCREMENTAL /NOLOGO kernel32.lib user32.lib gdi32.lib winspool.lib comdlg32.lib advapi32.lib shell32.lib ole32.lib oleaut32.lib uuid.lib odbc32.lib odbccp32.lib /MANIFEST /ManifestFile:"Debug\Assign 2.exe.intermediate.manifest" /MANIFESTUAC:"level='asInvoker' uiAccess='false'" /DEBUG /PDB:"C:\Users\Ambica\Desktop\OOP345\Assign 2\Debug\Assign 2.pdb" /SUBSYSTEM:CONSOLE /TLBID:1 /DYNAMICBASE /NXCOMPAT /IMPLIB:"C:\Users\Ambica\Desktop\OOP345\Assign 2\Debug\Assign 2.lib" /MACHINE:X86 "Debug\Assign 2.exe.embed.manifest.res"
         Debug\a2main.obj
         Debug\JSONReader.obj
       Manifest:
         C:\Program Files (x86)\Microsoft SDKs\Windows\v7.0A\bin\mt.exe /nologo /verbose /out:"Debug\Assign 2.exe.embed.manifest" /manifest "Debug\Assign 2.exe.intermediate.manifest"
         All outputs are up-to-date.
       LinkEmbedManifest:
         All outputs are up-to-date.
         Assign 2.vcxproj -> C:\Users\Ambica\Desktop\OOP345\Assign 2\Debug\Assign 2.exe
       FinalizeBuildStatus:
         Deleting file "Debug\Assign 2.unsuccessfulbuild".
         Touching "Debug\Assign 2.lastbuildstate".
     1>Done Building Project "C:\Users\Ambica\Desktop\OOP345\Assign 2\Assign 2\Assign 2.vcxproj" (build target(s)).

Build succeeded.

Time Elapsed 00:00:03.84
